This is pdfTeX, Version 3.141592653-2.6-1.40.22 (TeX Live 2021/W32TeX) (preloaded format=pdflatex 2021.4.9)  9 APR 2021 15:13
entering extended mode
 restricted \write18 enabled.
 %&-line parsing enabled.
**Project-Report-Template.tex
(./Project-Report-Template.tex
LaTeX2e <2020-10-01> patch level 4
L3 programming layer <2021-02-18> (c:/Users/paezha/AppData/Roaming/TinyTeX/texm
f-dist/tex/latex/base/article.cls
Document Class: article 2020/04/10 v1.4m Standard LaTeX document class
(c:/Users/paezha/AppData/Roaming/TinyTeX/texmf-dist/tex/latex/base/size10.clo
File: size10.clo 2020/04/10 v1.4m Standard LaTeX file (size option)
)
\c@part=\count179
\c@section=\count180
\c@subsection=\count181
\c@subsubsection=\count182
\c@paragraph=\count183
\c@subparagraph=\count184
\c@figure=\count185
\c@table=\count186
\abovecaptionskip=\skip47
\belowcaptionskip=\skip48
\bibindent=\dimen138
)
(c:/Users/paezha/AppData/Roaming/TinyTeX/texmf-dist/tex/latex/geometry/geometry
.sty
Package: geometry 2020/01/02 v5.9 Page Geometry

(c:/Users/paezha/AppData/Roaming/TinyTeX/texmf-dist/tex/latex/graphics/keyval.s
ty
Package: keyval 2014/10/28 v1.15 key=value parser (DPC)
\KV@toks@=\toks15
)
(c:/Users/paezha/AppData/Roaming/TinyTeX/texmf-dist/tex/generic/iftex/ifvtex.st
y
Package: ifvtex 2019/10/25 v1.7 ifvtex legacy package. Use iftex instead.

(c:/Users/paezha/AppData/Roaming/TinyTeX/texmf-dist/tex/generic/iftex/iftex.sty
Package: iftex 2020/03/06 v1.0d TeX engine tests
))
\Gm@cnth=\count187
\Gm@cntv=\count188
\c@Gm@tempcnt=\count189
\Gm@bindingoffset=\dimen139
\Gm@wd@mp=\dimen140
\Gm@odd@mp=\dimen141
\Gm@even@mp=\dimen142
\Gm@layoutwidth=\dimen143
\Gm@layoutheight=\dimen144
\Gm@layouthoffset=\dimen145
\Gm@layoutvoffset=\dimen146
\Gm@dimlist=\toks16
) (c:/Users/paezha/AppData/Roaming/TinyTeX/texmf-dist/tex/latex/lm/lmodern.sty
Package: lmodern 2015/05/01 v1.6.1 Latin Modern Fonts
LaTeX Font Info:    Overwriting symbol font `operators' in version `normal'
(Font)                  OT1/cmr/m/n --> OT1/lmr/m/n on input line 22.
LaTeX Font Info:    Overwriting symbol font `letters' in version `normal'
(Font)                  OML/cmm/m/it --> OML/lmm/m/it on input line 23.
LaTeX Font Info:    Overwriting symbol font `symbols' in version `normal'
(Font)                  OMS/cmsy/m/n --> OMS/lmsy/m/n on input line 24.
LaTeX Font Info:    Overwriting symbol font `largesymbols' in version `normal'
(Font)                  OMX/cmex/m/n --> OMX/lmex/m/n on input line 25.
LaTeX Font Info:    Overwriting symbol font `operators' in version `bold'
(Font)                  OT1/cmr/bx/n --> OT1/lmr/bx/n on input line 26.
LaTeX Font Info:    Overwriting symbol font `letters' in version `bold'
(Font)                  OML/cmm/b/it --> OML/lmm/b/it on input line 27.
LaTeX Font Info:    Overwriting symbol font `symbols' in version `bold'
(Font)                  OMS/cmsy/b/n --> OMS/lmsy/b/n on input line 28.
LaTeX Font Info:    Overwriting symbol font `largesymbols' in version `bold'
(Font)                  OMX/cmex/m/n --> OMX/lmex/m/n on input line 29.
LaTeX Font Info:    Overwriting math alphabet `\mathbf' in version `normal'
(Font)                  OT1/cmr/bx/n --> OT1/lmr/bx/n on input line 31.
LaTeX Font Info:    Overwriting math alphabet `\mathsf' in version `normal'
(Font)                  OT1/cmss/m/n --> OT1/lmss/m/n on input line 32.
LaTeX Font Info:    Overwriting math alphabet `\mathit' in version `normal'
(Font)                  OT1/cmr/m/it --> OT1/lmr/m/it on input line 33.
LaTeX Font Info:    Overwriting math alphabet `\mathtt' in version `normal'
(Font)                  OT1/cmtt/m/n --> OT1/lmtt/m/n on input line 34.
LaTeX Font Info:    Overwriting math alphabet `\mathbf' in version `bold'
(Font)                  OT1/cmr/bx/n --> OT1/lmr/bx/n on input line 35.
LaTeX Font Info:    Overwriting math alphabet `\mathsf' in version `bold'
(Font)                  OT1/cmss/bx/n --> OT1/lmss/bx/n on input line 36.
LaTeX Font Info:    Overwriting math alphabet `\mathit' in version `bold'
(Font)                  OT1/cmr/bx/it --> OT1/lmr/bx/it on input line 37.
LaTeX Font Info:    Overwriting math alphabet `\mathtt' in version `bold'
(Font)                  OT1/cmtt/m/n --> OT1/lmtt/m/n on input line 38.
) (c:/Users/paezha/AppData/Roaming/TinyTeX/texmf-dist/tex/latex/base/fontenc.st
y
Package: fontenc 2020/08/10 v2.0s Standard LaTeX package
LaTeX Font Info:    Trying to load font information for T1+lmr on input line 11
2.
(c:/Users/paezha/AppData/Roaming/TinyTeX/texmf-dist/tex/latex/lm/t1lmr.fd
File: t1lmr.fd 2015/05/01 v1.6.1 Font defs for Latin Modern
))
(c:/Users/paezha/AppData/Roaming/TinyTeX/texmf-dist/tex/latex/base/inputenc.sty
Package: inputenc 2020/08/01 v1.3d Input encoding file
\inpenc@prehook=\toks17
\inpenc@posthook=\toks18
)
\cslhangindent=\skip49

(c:/Users/paezha/AppData/Roaming/TinyTeX/texmf-dist/tex/latex/abstract/abstract
.sty
Package: abstract 2009/06/08 v1.2a configurable abstracts
\abstitleskip=\skip50
\absleftindent=\skip51
\absrightindent=\skip52
\absparindent=\skip53
\absparsep=\skip54
)
(c:/Users/paezha/AppData/Roaming/TinyTeX/texmf-dist/tex/latex/graphics/graphicx
.sty
Package: graphicx 2020/09/09 v1.2b Enhanced LaTeX Graphics (DPC,SPQR)

(c:/Users/paezha/AppData/Roaming/TinyTeX/texmf-dist/tex/latex/graphics/graphics
.sty
Package: graphics 2020/08/30 v1.4c Standard LaTeX Graphics (DPC,SPQR)

(c:/Users/paezha/AppData/Roaming/TinyTeX/texmf-dist/tex/latex/graphics/trig.sty
Package: trig 2016/01/03 v1.10 sin cos tan (DPC)
)
(c:/Users/paezha/AppData/Roaming/TinyTeX/texmf-dist/tex/latex/graphics-cfg/grap
hics.cfg
File: graphics.cfg 2016/06/04 v1.11 sample graphics configuration
)
Package graphics Info: Driver file: pdftex.def on input line 105.

(c:/Users/paezha/AppData/Roaming/TinyTeX/texmf-dist/tex/latex/graphics-def/pdft
ex.def
File: pdftex.def 2020/10/05 v1.2a Graphics/color driver for pdftex
))
\Gin@req@height=\dimen147
\Gin@req@width=\dimen148
)
(c:/Users/paezha/AppData/Roaming/TinyTeX/texmf-dist/tex/latex/grffile/grffile.s
ty
Package: grffile 2019/11/11 v2.1 Extended file name support for graphics (legac
y)
Package grffile Info: This package is an empty stub for compatibility on input 
line 40.
)
(c:/Users/paezha/AppData/Roaming/TinyTeX/texmf-dist/tex/latex/titlesec/titlesec
.sty
Package: titlesec 2019/10/16 v2.13 Sectioning titles
\ttl@box=\box47
\beforetitleunit=\skip55
\aftertitleunit=\skip56
\ttl@plus=\dimen149
\ttl@minus=\dimen150
\ttl@toksa=\toks19
\titlewidth=\dimen151
\titlewidthlast=\dimen152
\titlewidthfirst=\dimen153
)
\c@hypothesis=\count190

(c:/Users/paezha/AppData/Roaming/TinyTeX/texmf-dist/tex/latex/setspace/setspace
.sty
Package: setspace 2011/12/19 v6.7a set line spacing
)
(c:/Users/paezha/AppData/Roaming/TinyTeX/texmf-dist/tex/latex/hyperref/hyperref
.sty
Package: hyperref 2021-02-27 v7.00k Hypertext links for LaTeX

(c:/Users/paezha/AppData/Roaming/TinyTeX/texmf-dist/tex/generic/ltxcmds/ltxcmds
.sty
Package: ltxcmds 2020-05-10 v1.25 LaTeX kernel commands for general use (HO)
)
(c:/Users/paezha/AppData/Roaming/TinyTeX/texmf-dist/tex/generic/pdftexcmds/pdft
excmds.sty
Package: pdftexcmds 2020-06-27 v0.33 Utility functions of pdfTeX for LuaTeX (HO
)

(c:/Users/paezha/AppData/Roaming/TinyTeX/texmf-dist/tex/generic/infwarerr/infwa
rerr.sty
Package: infwarerr 2019/12/03 v1.5 Providing info/warning/error messages (HO)
)
Package pdftexcmds Info: \pdf@primitive is available.
Package pdftexcmds Info: \pdf@ifprimitive is available.
Package pdftexcmds Info: \pdfdraftmode found.
)
(c:/Users/paezha/AppData/Roaming/TinyTeX/texmf-dist/tex/generic/kvsetkeys/kvset
keys.sty
Package: kvsetkeys 2019/12/15 v1.18 Key value parser (HO)
)
(c:/Users/paezha/AppData/Roaming/TinyTeX/texmf-dist/tex/generic/kvdefinekeys/kv
definekeys.sty
Package: kvdefinekeys 2019-12-19 v1.6 Define keys (HO)
)
(c:/Users/paezha/AppData/Roaming/TinyTeX/texmf-dist/tex/generic/pdfescape/pdfes
cape.sty
Package: pdfescape 2019/12/09 v1.15 Implements pdfTeX's escape features (HO)
)
(c:/Users/paezha/AppData/Roaming/TinyTeX/texmf-dist/tex/latex/hycolor/hycolor.s
ty
Package: hycolor 2020-01-27 v1.10 Color options for hyperref/bookmark (HO)
)
(c:/Users/paezha/AppData/Roaming/TinyTeX/texmf-dist/tex/latex/letltxmacro/letlt
xmacro.sty
Package: letltxmacro 2019/12/03 v1.6 Let assignment for LaTeX macros (HO)
)
(c:/Users/paezha/AppData/Roaming/TinyTeX/texmf-dist/tex/latex/auxhook/auxhook.s
ty
Package: auxhook 2019-12-17 v1.6 Hooks for auxiliary files (HO)
)
(c:/Users/paezha/AppData/Roaming/TinyTeX/texmf-dist/tex/latex/kvoptions/kvoptio
ns.sty
Package: kvoptions 2020-10-07 v3.14 Key value format for package options (HO)
)
\@linkdim=\dimen154
\Hy@linkcounter=\count191
\Hy@pagecounter=\count192

(c:/Users/paezha/AppData/Roaming/TinyTeX/texmf-dist/tex/latex/hyperref/pd1enc.d
ef
File: pd1enc.def 2021-02-27 v7.00k Hyperref: PDFDocEncoding definition (HO)
Now handling font encoding PD1 ...
... no UTF-8 mapping file for font encoding PD1
)
(c:/Users/paezha/AppData/Roaming/TinyTeX/texmf-dist/tex/latex/hyperref/hyperref
-langpatches.def
File: hyperref-langpatches.def 2021-02-27 v7.00k Hyperref: patches for babel la
nguages
)
(c:/Users/paezha/AppData/Roaming/TinyTeX/texmf-dist/tex/generic/intcalc/intcalc
.sty
Package: intcalc 2019/12/15 v1.3 Expandable calculations with integers (HO)
)
(c:/Users/paezha/AppData/Roaming/TinyTeX/texmf-dist/tex/generic/etexcmds/etexcm
ds.sty
Package: etexcmds 2019/12/15 v1.7 Avoid name clashes with e-TeX commands (HO)
)
\Hy@SavedSpaceFactor=\count193

(c:/Users/paezha/AppData/Roaming/TinyTeX/texmf-dist/tex/latex/hyperref/puenc.de
f
File: puenc.def 2021-02-27 v7.00k Hyperref: PDF Unicode definition (HO)
Now handling font encoding PU ...
... no UTF-8 mapping file for font encoding PU
)
Package hyperref Info: Option `draft' set `true' on input line 4073.
Package hyperref Info: Option `unicode' set `true' on input line 4073.
Package hyperref Info: Hyper figures OFF on input line 4192.
Package hyperref Info: Link nesting OFF on input line 4197.
Package hyperref Info: Hyper index ON on input line 4200.
Package hyperref Info: Plain pages OFF on input line 4207.
Package hyperref Info: Backreferencing OFF on input line 4212.
Package hyperref Info: Implicit mode ON; LaTeX internals redefined.
Package hyperref Info: Bookmarks ON on input line 4445.
\c@Hy@tempcnt=\count194
(c:/Users/paezha/AppData/Roaming/TinyTeX/texmf-dist/tex/latex/url/url.sty
\Urlmuskip=\muskip16
Package: url 2013/09/16  ver 3.4  Verb mode for urls, etc.
)
LaTeX Info: Redefining \url on input line 4804.
\XeTeXLinkMargin=\dimen155

(c:/Users/paezha/AppData/Roaming/TinyTeX/texmf-dist/tex/generic/bitset/bitset.s
ty
Package: bitset 2019/12/09 v1.3 Handle bit-vector datatype (HO)

(c:/Users/paezha/AppData/Roaming/TinyTeX/texmf-dist/tex/generic/bigintcalc/bigi
ntcalc.sty
Package: bigintcalc 2019/12/15 v1.5 Expandable calculations on big integers (HO
)
))
\Fld@menulength=\count195
\Field@Width=\dimen156
\Fld@charsize=\dimen157
Package hyperref Info: Hyper figures OFF on input line 6075.
Package hyperref Info: Link nesting OFF on input line 6080.
Package hyperref Info: Hyper index ON on input line 6083.
Package hyperref Info: backreferencing OFF on input line 6090.
Package hyperref Info: Link coloring OFF on input line 6095.
Package hyperref Info: Link coloring with OCG OFF on input line 6100.
Package hyperref Info: PDF/A mode OFF on input line 6105.
LaTeX Info: Redefining \ref on input line 6145.
LaTeX Info: Redefining \pageref on input line 6149.

(c:/Users/paezha/AppData/Roaming/TinyTeX/texmf-dist/tex/latex/base/atbegshi-ltx
.sty
Package: atbegshi-ltx 2020/08/17 v1.0a Emulation of the original atbegshi packa
ge
with kernel methods
)
\Hy@abspage=\count196
\c@Item=\count197
\c@Hfootnote=\count198
)
Package hyperref Info: Driver (autodetected): hpdftex.

(c:/Users/paezha/AppData/Roaming/TinyTeX/texmf-dist/tex/latex/hyperref/hpdftex.
def
File: hpdftex.def 2021-02-27 v7.00k Hyperref driver for pdfTeX

(c:/Users/paezha/AppData/Roaming/TinyTeX/texmf-dist/tex/latex/base/atveryend-lt
x.sty
Package: atveryend-ltx 2020/08/19 v1.0a Emulation of the original atvery packag
e
with kernel methods
)
\Fld@listcount=\count199
\c@bookmark@seq@number=\count266

(c:/Users/paezha/AppData/Roaming/TinyTeX/texmf-dist/tex/latex/rerunfilecheck/re
runfilecheck.sty
Package: rerunfilecheck 2019/12/05 v1.9 Rerun checks for auxiliary files (HO)

(c:/Users/paezha/AppData/Roaming/TinyTeX/texmf-dist/tex/generic/uniquecounter/u
niquecounter.sty
Package: uniquecounter 2019/12/15 v1.4 Provide unlimited unique counter (HO)
)
Package uniquecounter Info: New unique counter `rerunfilecheck' on input line 2
86.
)
\Hy@SectionHShift=\skip57
)
(c:/Users/paezha/AppData/Roaming/TinyTeX/texmf-dist/tex/latex/graphics/color.st
y
Package: color 2020/02/24 v1.2b Standard LaTeX Color (DPC)

(c:/Users/paezha/AppData/Roaming/TinyTeX/texmf-dist/tex/latex/graphics-cfg/colo
r.cfg
File: color.cfg 2016/01/02 v1.6 sample color configuration
)
Package color Info: Driver file: pdftex.def on input line 147.

(c:/Users/paezha/AppData/Roaming/TinyTeX/texmf-dist/tex/latex/graphics/dvipsnam
.def
File: dvipsnam.def 2016/06/17 v3.0m Driver-dependent file (DPC,SPQR)
))
Package hyperref Info: Option `breaklinks' set `true' on input line 131.

Package hyperref Warning: Option `bookmarks' has already been used,
(hyperref)                setting the option has no effect on input line 131.

Package hyperref Info: Option `colorlinks' set `true' on input line 131.

(c:/Users/paezha/AppData/Roaming/TinyTeX/texmf-dist/tex/latex/placeins/placeins
.sty
Package: placeins 2005/04/18  v 2.2
)
(c:/Users/paezha/AppData/Roaming/TinyTeX/texmf-dist/tex/latex/l3backend/l3backe
nd-pdftex.def
File: l3backend-pdftex.def 2021-03-18 L3 backend support: PDF output (pdfTeX)
\l__color_backend_stack_int=\count267
\l__pdf_internal_box=\box48
) (./Project-Report-Template.aux

LaTeX Warning: Label `' multiply defined.

)
\openout1 = `Project-Report-Template.aux'.

LaTeX Font Info:    Checking defaults for OML/cmm/m/it on input line 149.
LaTeX Font Info:    ... okay on input line 149.
LaTeX Font Info:    Checking defaults for OMS/cmsy/m/n on input line 149.
LaTeX Font Info:    ... okay on input line 149.
LaTeX Font Info:    Checking defaults for OT1/cmr/m/n on input line 149.
LaTeX Font Info:    ... okay on input line 149.
LaTeX Font Info:    Checking defaults for T1/cmr/m/n on input line 149.
LaTeX Font Info:    ... okay on input line 149.
LaTeX Font Info:    Checking defaults for TS1/cmr/m/n on input line 149.
LaTeX Font Info:    ... okay on input line 149.
LaTeX Font Info:    Checking defaults for OMX/cmex/m/n on input line 149.
LaTeX Font Info:    ... okay on input line 149.
LaTeX Font Info:    Checking defaults for U/cmr/m/n on input line 149.
LaTeX Font Info:    ... okay on input line 149.
LaTeX Font Info:    Checking defaults for PD1/pdf/m/n on input line 149.
LaTeX Font Info:    ... okay on input line 149.
LaTeX Font Info:    Checking defaults for PU/pdf/m/n on input line 149.
LaTeX Font Info:    ... okay on input line 149.
*geometry* driver: auto-detecting
*geometry* detected driver: pdftex
*geometry* verbose mode - [ preamble ] result:
* driver: pdftex
* paper: <default>
* layout: <same size as paper>
* layoutoffset:(h,v)=(0.0pt,0.0pt)
* modes: 
* h-part:(L,W,R)=(72.26999pt, 469.75502pt, 72.26999pt)
* v-part:(T,H,B)=(72.26999pt, 650.43001pt, 72.26999pt)
* \paperwidth=614.295pt
* \paperheight=794.96999pt
* \textwidth=469.75502pt
* \textheight=650.43001pt
* \oddsidemargin=0.0pt
* \evensidemargin=0.0pt
* \topmargin=-37.0pt
* \headheight=12.0pt
* \headsep=25.0pt
* \topskip=10.0pt
* \footskip=30.0pt
* \marginparwidth=65.0pt
* \marginparsep=11.0pt
* \columnsep=10.0pt
* \skip\footins=9.0pt plus 4.0pt minus 2.0pt
* \hoffset=0.0pt
* \voffset=0.0pt
* \mag=1000
* \@twocolumnfalse
* \@twosidefalse
* \@mparswitchfalse
* \@reversemarginfalse
* (1in=72.27pt=25.4mm, 1cm=28.453pt)


(c:/Users/paezha/AppData/Roaming/TinyTeX/texmf-dist/tex/latex/epstopdf-pkg/epst
opdf-base.sty
Package: epstopdf-base 2020-01-24 v2.11 Base part for package epstopdf

(c:/Users/paezha/AppData/Roaming/TinyTeX/texmf-dist/tex/latex/grfext/grfext.sty
Package: grfext 2019/12/03 v1.3 Manage graphics extensions (HO)
)
Package epstopdf-base Info: Redefining graphics rule for `.eps' on input line 4
85.
Package grfext Info: Graphics extension search list:
(grfext)             [.pdf,.png,.jpg,.mps,.jpeg,.jbig2,.jb2,.PDF,.PNG,.JPG,.JPE
G,.JBIG2,.JB2,.eps]
(grfext)             \AppendGraphicsExtensions on input line 504.

(c:/Users/paezha/AppData/Roaming/TinyTeX/texmf-dist/tex/latex/latexconfig/epsto
pdf-sys.cfg
File: epstopdf-sys.cfg 2010/07/13 v1.3 Configuration of (r)epstopdf for TeX Liv
e
))

Package hyperref Warning: Draft mode on.

Package hyperref Info: Link coloring ON on input line 149.

(c:/Users/paezha/AppData/Roaming/TinyTeX/texmf-dist/tex/latex/hyperref/nameref.
sty
Package: nameref 2021-04-02 v2.47 Cross-referencing by name of section

(c:/Users/paezha/AppData/Roaming/TinyTeX/texmf-dist/tex/latex/refcount/refcount
.sty
Package: refcount 2019/12/15 v3.6 Data extraction from label references (HO)
)
(c:/Users/paezha/AppData/Roaming/TinyTeX/texmf-dist/tex/generic/gettitlestring/
gettitlestring.sty
Package: gettitlestring 2019/12/15 v1.6 Cleanup title references (HO)
)
\c@section@level=\count268
)
LaTeX Info: Redefining \ref on input line 149.
LaTeX Info: Redefining \pageref on input line 149.
LaTeX Info: Redefining \nameref on input line 149.
LaTeX Font Info:    Calculating math sizes for size <18> on input line 161.
LaTeX Font Info:    Trying to load font information for OT1+lmr on input line 1
61.
(c:/Users/paezha/AppData/Roaming/TinyTeX/texmf-dist/tex/latex/lm/ot1lmr.fd
File: ot1lmr.fd 2015/05/01 v1.6.1 Font defs for Latin Modern
)
LaTeX Font Info:    Trying to load font information for OML+lmm on input line 1
61.
(c:/Users/paezha/AppData/Roaming/TinyTeX/texmf-dist/tex/latex/lm/omllmm.fd
File: omllmm.fd 2015/05/01 v1.6.1 Font defs for Latin Modern
)
LaTeX Font Info:    Trying to load font information for OMS+lmsy on input line 
161.
(c:/Users/paezha/AppData/Roaming/TinyTeX/texmf-dist/tex/latex/lm/omslmsy.fd
File: omslmsy.fd 2015/05/01 v1.6.1 Font defs for Latin Modern
)
LaTeX Font Info:    Trying to load font information for OMX+lmex on input line 
161.
(c:/Users/paezha/AppData/Roaming/TinyTeX/texmf-dist/tex/latex/lm/omxlmex.fd
File: omxlmex.fd 2015/05/01 v1.6.1 Font defs for Latin Modern
)
LaTeX Font Info:    External font `lmex10' loaded for size
(Font)              <18> on input line 161.
LaTeX Font Info:    External font `lmex10' loaded for size
(Font)              <12.59995> on input line 161.
LaTeX Font Info:    External font `lmex10' loaded for size
(Font)              <9> on input line 161.
LaTeX Font Info:    Trying to load font information for TS1+lmr on input line 1
61.
(c:/Users/paezha/AppData/Roaming/TinyTeX/texmf-dist/tex/latex/lm/ts1lmr.fd
File: ts1lmr.fd 2015/05/01 v1.6.1 Font defs for Latin Modern
)
LaTeX Font Info:    External font `lmex10' loaded for size
(Font)              <8> on input line 161.
LaTeX Font Info:    External font `lmex10' loaded for size
(Font)              <6> on input line 161.
LaTeX Font Info:    External font `lmex10' loaded for size
(Font)              <5> on input line 161.
LaTeX Font Info:    Trying to load font information for T1+phv on input line 16
7.
(c:/Users/paezha/AppData/Roaming/TinyTeX/texmf-dist/tex/latex/psnfss/t1phv.fd
File: t1phv.fd 2020/03/25 scalable font definitions for T1/phv.
)
LaTeX Font Info:    Font shape `T1/phv/bx/n' in size <11> not available
(Font)              Font shape `T1/phv/b/n' tried instead on input line 167.
[1

{c:/Users/paezha/AppData/Roaming/TinyTeX/texmf-var/fonts/map/pdftex/updmap/pdft
ex.map}]
<Project-Report-Template_files/figure-latex/plot-dosage-1.pdf, id=15, 469.755pt
 x 325.215pt>
File: Project-Report-Template_files/figure-latex/plot-dosage-1.pdf Graphic file
 (type pdf)
<use Project-Report-Template_files/figure-latex/plot-dosage-1.pdf>
Package pdftex.def Info: Project-Report-Template_files/figure-latex/plot-dosage
-1.pdf  used on input line 329.
(pdftex.def)             Requested size: 469.75386pt x 325.2142pt.
[2] [3 <./Project-Report-Template_files/figure-latex/plot-dosage-1.pdf>]
LaTeX Font Info:    Trying to load font information for T1+lmtt on input line 3
38.
(c:/Users/paezha/AppData/Roaming/TinyTeX/texmf-dist/tex/latex/lm/t1lmtt.fd
File: t1lmtt.fd 2015/05/01 v1.6.1 Font defs for Latin Modern
)
<Project-Report-Template_files/figure-latex/plot-annual-dosage-1.pdf, id=25, 46
9.755pt x 325.215pt>
File: Project-Report-Template_files/figure-latex/plot-annual-dosage-1.pdf Graph
ic file (type pdf)
<use Project-Report-Template_files/figure-latex/plot-annual-dosage-1.pdf>
Package pdftex.def Info: Project-Report-Template_files/figure-latex/plot-annual
-dosage-1.pdf  used on input line 371.
(pdftex.def)             Requested size: 469.75386pt x 325.2142pt.
[4 <./Project-Report-Template_files/figure-latex/plot-annual-dosage-1.pdf>]
<Project-Report-Template_files/figure-latex/map-mean-per-person-dose-1.pdf, id=
36, 469.755pt x 325.215pt>
File: Project-Report-Template_files/figure-latex/map-mean-per-person-dose-1.pdf
 Graphic file (type pdf)
<use Project-Report-Template_files/figure-latex/map-mean-per-person-dose-1.pdf>

Package pdftex.def Info: Project-Report-Template_files/figure-latex/map-mean-pe
r-person-dose-1.pdf  used on input line 384.
(pdftex.def)             Requested size: 469.75386pt x 325.2142pt.
<Project-Report-Template_files/figure-latex/map-per-person-dose-cartogram-1.pdf
, id=37, 469.755pt x 325.215pt>
File: Project-Report-Template_files/figure-latex/map-per-person-dose-cartogram-
1.pdf Graphic file (type pdf)
<use Project-Report-Template_files/figure-latex/map-per-person-dose-cartogram-1
.pdf>
Package pdftex.def Info: Project-Report-Template_files/figure-latex/map-per-per
son-dose-cartogram-1.pdf  used on input line 396.
(pdftex.def)             Requested size: 469.75386pt x 325.2142pt.
<Project-Report-Template_files/figure-latex/map-simulated-landscapes-1.pdf, id=
38, 469.755pt x 325.215pt>
File: Project-Report-Template_files/figure-latex/map-simulated-landscapes-1.pdf
 Graphic file (type pdf)
<use Project-Report-Template_files/figure-latex/map-simulated-landscapes-1.pdf>

Package pdftex.def Info: Project-Report-Template_files/figure-latex/map-simulat
ed-landscapes-1.pdf  used on input line 410.
(pdftex.def)             Requested size: 469.75386pt x 325.2142pt.
<Project-Report-Template_files/figure-latex/spatial-moving-averages-1.pdf, id=3
9, 469.755pt x 325.215pt>
File: Project-Report-Template_files/figure-latex/spatial-moving-averages-1.pdf 
Graphic file (type pdf)
<use Project-Report-Template_files/figure-latex/spatial-moving-averages-1.pdf>
Package pdftex.def Info: Project-Report-Template_files/figure-latex/spatial-mov
ing-averages-1.pdf  used on input line 423.
(pdftex.def)             Requested size: 469.75386pt x 325.2142pt.
LaTeX Font Info:    External font `lmex10' loaded for size
(Font)              <10> on input line 433.
LaTeX Font Info:    External font `lmex10' loaded for size
(Font)              <7> on input line 433.
<Project-Report-Template_files/figure-latex/moran-scatterplot-1.pdf, id=40, 469
.755pt x 325.215pt>
File: Project-Report-Template_files/figure-latex/moran-scatterplot-1.pdf Graphi
c file (type pdf)
<use Project-Report-Template_files/figure-latex/moran-scatterplot-1.pdf>
Package pdftex.def Info: Project-Report-Template_files/figure-latex/moran-scatt
erplot-1.pdf  used on input line 439.
(pdftex.def)             Requested size: 469.75386pt x 325.2142pt.
[5 <./Project-Report-Template_files/figure-latex/map-mean-per-person-dose-1.pdf
>] [6 <./Project-Report-Template_files/figure-latex/map-per-person-dose-cartogr
am-1.pdf>] [7 <./Project-Report-Template_files/figure-latex/map-simulated-lands
capes-1.pdf>] [8 <./Project-Report-Template_files/figure-latex/spatial-moving-a
verages-1.pdf>] [9 <./Project-Report-Template_files/figure-latex/moran-scatterp
lot-1.pdf>]
<Project-Report-Template_files/figure-latex/lisa-map-1.pdf, id=91, 469.755pt x 
325.215pt>
File: Project-Report-Template_files/figure-latex/lisa-map-1.pdf Graphic file (t
ype pdf)
<use Project-Report-Template_files/figure-latex/lisa-map-1.pdf>
Package pdftex.def Info: Project-Report-Template_files/figure-latex/lisa-map-1.
pdf  used on input line 465.
(pdftex.def)             Requested size: 469.75386pt x 325.2142pt.
<Project-Report-Template_files/figure-latex/map-household-income-1.pdf, id=92, 
469.755pt x 325.215pt>
File: Project-Report-Template_files/figure-latex/map-household-income-1.pdf Gra
phic file (type pdf)
<use Project-Report-Template_files/figure-latex/map-household-income-1.pdf>
Package pdftex.def Info: Project-Report-Template_files/figure-latex/map-househo
ld-income-1.pdf  used on input line 478.
(pdftex.def)             Requested size: 469.75386pt x 325.2142pt.
<Project-Report-Template_files/figure-latex/map-education-data-1.pdf, id=93, 46
9.755pt x 325.215pt>
File: Project-Report-Template_files/figure-latex/map-education-data-1.pdf Graph
ic file (type pdf)
<use Project-Report-Template_files/figure-latex/map-education-data-1.pdf>
Package pdftex.def Info: Project-Report-Template_files/figure-latex/map-educati
on-data-1.pdf  used on input line 490.
(pdftex.def)             Requested size: 469.75386pt x 325.2142pt.
[10 <./Project-Report-Template_files/figure-latex/lisa-map-1.pdf>] [11 <./Proje
ct-Report-Template_files/figure-latex/map-household-income-1.pdf>] [12 <./Proje
ct-Report-Template_files/figure-latex/map-education-data-1.pdf>]
<Project-Report-Template_files/figure-latex/plot-model-income-1.pdf, id=120, 46
9.755pt x 325.215pt>
File: Project-Report-Template_files/figure-latex/plot-model-income-1.pdf Graphi
c file (type pdf)
<use Project-Report-Template_files/figure-latex/plot-model-income-1.pdf>
Package pdftex.def Info: Project-Report-Template_files/figure-latex/plot-model-
income-1.pdf  used on input line 534.
(pdftex.def)             Requested size: 469.75386pt x 325.2142pt.
[13] [14 <./Project-Report-Template_files/figure-latex/plot-model-income-1.pdf>
]
<Project-Report-Template_files/figure-latex/plot-model-education-1.pdf, id=139,
 469.755pt x 325.215pt>
File: Project-Report-Template_files/figure-latex/plot-model-education-1.pdf Gra
phic file (type pdf)
<use Project-Report-Template_files/figure-latex/plot-model-education-1.pdf>
Package pdftex.def Info: Project-Report-Template_files/figure-latex/plot-model-
education-1.pdf  used on input line 571.
(pdftex.def)             Requested size: 469.75386pt x 325.2142pt.
[15] [16 <./Project-Report-Template_files/figure-latex/plot-model-education-1.p
df>] [17] [18]
Overfull \hbox (22.18945pt too wide) in paragraph at lines 776--780
\T1/lmr/m/n/10 / / www . drugabuse . gov / drug -[] topics / opioids / opioid -
[] summaries -[] by -[] state / kentucky -[] opioid -[] involved -[] deaths -[]
 related -[]
 []


Overfull \hbox (13.76805pt too wide) in paragraph at lines 781--784
[]\T1/lmr/m/n/10 ---------. 2020. ``Opi-oid Over-dose Cri-sis.'' $https : / / w
ww . drugabuse . gov / drugs -[] abuse / opioids / opioid -[] overdose -[]
 []

[19] (./Project-Report-Template.aux)

LaTeX Warning: There were multiply-defined labels.

 ) 
Here is how much of TeX's memory you used:
 9098 strings out of 480954
 142486 string characters out of 5905755
 440021 words of memory out of 5000000
 26156 multiletter control sequences out of 15000+600000
 470029 words of font info for 67 fonts, out of 8000000 for 9000
 14 hyphenation exceptions out of 8191
 71i,10n,74p,272b,339s stack positions out of 5000i,500n,10000p,200000b,80000s
{c:/Users/paezha/AppData/Roaming/TinyTeX/texmf-dist/fonts/enc/dvips/lm/lm-rm.
enc}{c:/Users/paezha/AppData/Roaming/TinyTeX/texmf-dist/fonts/enc/dvips/lm/lm-m
athsy.enc}{c:/Users/paezha/AppData/Roaming/TinyTeX/texmf-dist/fonts/enc/dvips/l
m/lm-mathit.enc}{c:/Users/paezha/AppData/Roaming/TinyTeX/texmf-dist/fonts/enc/d
vips/lm/lm-ec.enc}{c:/Users/paezha/AppData/Roaming/TinyTeX/texmf-dist/fonts/enc
/dvips/lm/lm-ts1.enc}{c:/Users/paezha/AppData/Roaming/TinyTeX/texmf-dist/fonts/
enc/dvips/base/8r.enc}<c:/Users/paezha/AppData/Roaming/TinyTeX/texmf-dist/fonts
/type1/public/lm/lmbx10.pfb><c:/Users/paezha/AppData/Roaming/TinyTeX/texmf-dist
/fonts/type1/public/lm/lmmi10.pfb><c:/Users/paezha/AppData/Roaming/TinyTeX/texm
f-dist/fonts/type1/public/lm/lmr10.pfb><c:/Users/paezha/AppData/Roaming/TinyTeX
/texmf-dist/fonts/type1/public/lm/lmr12.pfb><c:/Users/paezha/AppData/Roaming/Ti
nyTeX/texmf-dist/fonts/type1/public/lm/lmr17.pfb><c:/Users/paezha/AppData/Roami
ng/TinyTeX/texmf-dist/fonts/type1/public/lm/lmr6.pfb><c:/Users/paezha/AppData/R
oaming/TinyTeX/texmf-dist/fonts/type1/public/lm/lmr7.pfb><c:/Users/paezha/AppDa
ta/Roaming/TinyTeX/texmf-dist/fonts/type1/public/lm/lmr8.pfb><c:/Users/paezha/A
ppData/Roaming/TinyTeX/texmf-dist/fonts/type1/public/lm/lmri10.pfb><c:/Users/pa
ezha/AppData/Roaming/TinyTeX/texmf-dist/fonts/type1/public/lm/lmri9.pfb><c:/Use
rs/paezha/AppData/Roaming/TinyTeX/texmf-dist/fonts/type1/public/lm/lmsy10.pfb><
c:/Users/paezha/AppData/Roaming/TinyTeX/texmf-dist/fonts/type1/public/lm/lmsy7.
pfb><c:/Users/paezha/AppData/Roaming/TinyTeX/texmf-dist/fonts/type1/public/lm/l
mtt10.pfb><c:/Users/paezha/AppData/Roaming/TinyTeX/texmf-dist/fonts/type1/urw/h
elvetic/uhvb8a.pfb>
Output written on Project-Report-Template.pdf (19 pages, 4077798 bytes).
PDF statistics:
 216 PDF objects out of 1000 (max. 8388607)
 149 compressed objects within 2 object streams
 0 named destinations out of 1000 (max. 500000)
 61 words of extra memory for PDF output out of 10000 (max. 10000000)

